INFO 03-10-2023 21:15:49 autoreload Watching for file changes with StatReloader
INFO 03-10-2023 21:16:07 basehttp "GET /seminar4/product/1/ HTTP/1.1" 200 261
WARNING 03-10-2023 21:16:07 log Not Found: /media/ 
WARNING 03-10-2023 21:16:07 basehttp "GET /media/%20 HTTP/1.1" 404 2942
INFO 03-10-2023 21:18:55 autoreload D:\учёба\Python\19. Фреймворк Django\Семинары\Seminars\main\main\settings.py changed, reloading.
INFO 03-10-2023 21:18:56 autoreload Watching for file changes with StatReloader
INFO 03-10-2023 21:18:58 basehttp "GET /seminar4/product/1/ HTTP/1.1" 200 261
WARNING 03-10-2023 21:18:58 log Not Found: /media/ 
WARNING 03-10-2023 21:18:58 basehttp "GET /media/%20 HTTP/1.1" 404 2942
INFO 03-10-2023 21:22:07 basehttp "GET /seminar4/product/1/ HTTP/1.1" 200 271
WARNING 03-10-2023 21:22:07 log Not Found: /media/product-1.jpg
WARNING 03-10-2023 21:22:07 basehttp "GET /media/product-1.jpg HTTP/1.1" 404 2974
INFO 03-10-2023 21:22:24 autoreload D:\учёба\Python\19. Фреймворк Django\Семинары\Seminars\main\main\settings.py changed, reloading.
INFO 03-10-2023 21:22:25 autoreload Watching for file changes with StatReloader
INFO 03-10-2023 21:22:27 basehttp "GET /seminar4/product/1/ HTTP/1.1" 200 271
WARNING 03-10-2023 21:22:27 log Not Found: /media/product-1.jpg
WARNING 03-10-2023 21:22:27 basehttp "GET /media/product-1.jpg HTTP/1.1" 404 2974
INFO 03-10-2023 21:22:30 basehttp "GET /seminar4/product/1/ HTTP/1.1" 200 271
WARNING 03-10-2023 21:22:30 log Not Found: /media/product-1.jpg
WARNING 03-10-2023 21:22:30 basehttp "GET /media/product-1.jpg HTTP/1.1" 404 2974
WARNING 03-10-2023 21:22:30 log Not Found: /favicon.ico
WARNING 03-10-2023 21:22:30 basehttp "GET /favicon.ico HTTP/1.1" 404 2784
INFO 03-10-2023 21:22:45 autoreload D:\учёба\Python\19. Фреймворк Django\Семинары\Seminars\main\main\settings.py changed, reloading.
INFO 03-10-2023 21:22:47 autoreload Watching for file changes with StatReloader
INFO 03-10-2023 21:22:52 autoreload D:\учёба\Python\19. Фреймворк Django\Семинары\Seminars\main\main\settings.py changed, reloading.
INFO 03-10-2023 21:22:53 autoreload Watching for file changes with StatReloader
INFO 03-10-2023 21:22:56 basehttp "GET /seminar4/product/1/ HTTP/1.1" 200 271
INFO 03-10-2023 21:22:56 basehttp "GET /media/product-1.jpg HTTP/1.1" 200 29095
INFO 03-10-2023 21:23:38 autoreload D:\учёба\Python\19. Фреймворк Django\Семинары\Seminars\main\main\settings.py changed, reloading.
INFO 03-10-2023 21:23:39 autoreload Watching for file changes with StatReloader
INFO 03-10-2023 21:38:13 autoreload Watching for file changes with StatReloader
INFO 03-10-2023 21:38:27 views <WSGIRequest: GET '/seminar4/products/'> request received
INFO 03-10-2023 21:38:27 basehttp "GET /seminar4/products/ HTTP/1.1" 200 3274
INFO 03-10-2023 21:38:27 basehttp "GET /media/product-1.jpg HTTP/1.1" 304 0
INFO 03-10-2023 21:38:27 basehttp "GET /media/product-2.jpg HTTP/1.1" 200 21764
INFO 03-10-2023 21:38:27 basehttp "GET /media/product-3.jpg HTTP/1.1" 200 20601
INFO 03-10-2023 21:38:27 basehttp "GET /media/product-5.jpg HTTP/1.1" 200 21340
INFO 03-10-2023 21:38:27 basehttp "GET /media/product-6.jpg HTTP/1.1" 200 27557
INFO 03-10-2023 21:38:27 basehttp "GET /media/product-4.jpg HTTP/1.1" 200 35305
INFO 03-10-2023 21:38:27 basehttp "GET /media/product-8.jpg HTTP/1.1" 200 30108
INFO 03-10-2023 21:38:27 basehttp "GET /media/product-7.jpg HTTP/1.1" 200 38512
INFO 03-10-2023 21:38:27 basehttp "GET /media/product-9.jpg HTTP/1.1" 200 22795
INFO 03-10-2023 21:38:27 basehttp "GET /media/product-10.jpg HTTP/1.1" 200 47970
INFO 03-10-2023 21:38:35 basehttp "GET /seminar4/product/10/ HTTP/1.1" 200 274
INFO 03-10-2023 21:38:50 autoreload D:\учёба\Python\19. Фреймворк Django\Семинары\Seminars\main\main\settings.py changed, reloading.
INFO 03-10-2023 21:38:51 autoreload Watching for file changes with StatReloader
INFO 03-10-2023 21:39:14 views <WSGIRequest: GET '/seminar4/products/'> request received
INFO 03-10-2023 21:39:14 basehttp "GET /seminar4/products/ HTTP/1.1" 200 3274
INFO 03-10-2023 21:39:22 basehttp "GET /seminar4/product/2/ HTTP/1.1" 200 271
