INFO <WSGIRequest: GET '/'> request received!
INFO "GET / HTTP/1.1" 200 10
INFO <WSGIRequest: GET '/'> request received!
INFO "GET / HTTP/1.1" 200 10
WARNING Not Found: /heads_tails/
WARNING "GET /heads_tails/ HTTP/1.1" 404 2334
INFO "GET /admin HTTP/1.1" 301 0
INFO "GET /admin/ HTTP/1.1" 302 0
INFO "GET /admin/login/?next=/admin/ HTTP/1.1" 200 4181
INFO "GET /static/admin/css/base.css HTTP/1.1" 200 21207
INFO "GET /static/admin/css/nav_sidebar.css HTTP/1.1" 200 2694
INFO "GET /static/admin/css/login.css HTTP/1.1" 200 958
INFO "GET /static/admin/css/dark_mode.css HTTP/1.1" 200 2929
INFO "GET /static/admin/css/responsive.css HTTP/1.1" 200 18533
INFO "GET /static/admin/js/theme.js HTTP/1.1" 200 1943
INFO "GET /static/admin/js/nav_sidebar.js HTTP/1.1" 200 3063
INFO "GET /seminar1 HTTP/1.1" 301 0
INFO <WSGIRequest: GET '/seminar1/'> request received
INFO "GET /seminar1/ HTTP/1.1" 200 13
INFO "GET /seminar1/heads_tails HTTP/1.1" 301 0
INFO <WSGIRequest: GET '/seminar1/heads_tails/'> request received!
INFO "GET /seminar1/heads_tails/ HTTP/1.1" 200 10
INFO <WSGIRequest: GET '/seminar1/heads_tails/'> request received!
INFO "GET /seminar1/heads_tails/ HTTP/1.1" 200 8
INFO <WSGIRequest: GET '/seminar1/heads_tails/'> request received!
INFO "GET /seminar1/heads_tails/ HTTP/1.1" 200 10
INFO <WSGIRequest: GET '/seminar1/heads_tails/'> request received!
INFO "GET /seminar1/heads_tails/ HTTP/1.1" 200 8
INFO <WSGIRequest: GET '/seminar1/heads_tails/'> request received!
INFO "GET /seminar1/heads_tails/ HTTP/1.1" 200 8
INFO <WSGIRequest: GET '/seminar1/heads_tails/'> request received!
INFO "GET /seminar1/heads_tails/ HTTP/1.1" 200 10
INFO "GET /seminar1/dice HTTP/1.1" 301 0
INFO <WSGIRequest: GET '/seminar1/dice/'> request received!
INFO "GET /seminar1/dice/ HTTP/1.1" 200 1
INFO <WSGIRequest: GET '/seminar1/dice/'> request received!
INFO "GET /seminar1/dice/ HTTP/1.1" 200 1
INFO <WSGIRequest: GET '/seminar1/dice/'> request received!
INFO "GET /seminar1/dice/ HTTP/1.1" 200 1
INFO <WSGIRequest: GET '/seminar1/dice/'> request received!
INFO "GET /seminar1/dice/ HTTP/1.1" 200 1
INFO <WSGIRequest: GET '/seminar1/dice/'> request received!
INFO "GET /seminar1/dice/ HTTP/1.1" 200 1
INFO <WSGIRequest: GET '/seminar1/dice/'> request received!
INFO "GET /seminar1/dice/ HTTP/1.1" 200 1
INFO "GET /seminar1/rand HTTP/1.1" 301 0
INFO <WSGIRequest: GET '/seminar1/rand/'> request received
INFO "GET /seminar1/rand/ HTTP/1.1" 200 2
INFO <WSGIRequest: GET '/seminar1/rand/'> request received
INFO "GET /seminar1/rand/ HTTP/1.1" 200 2
INFO <WSGIRequest: GET '/seminar1/rand/'> request received
INFO "GET /seminar1/rand/ HTTP/1.1" 200 2
INFO <WSGIRequest: GET '/seminar1/rand/'> request received
INFO "GET /seminar1/rand/ HTTP/1.1" 200 2
INFO "GET /seminar1/home HTTP/1.1" 301 0
INFO <WSGIRequest: GET '/seminar1/home/'> request received
INFO "GET /seminar1/home/ HTTP/1.1" 200 131
INFO "GET /seminar1/about HTTP/1.1" 301 0
INFO <WSGIRequest: GET '/seminar1/about/'> request received
INFO "GET /seminar1/about/ HTTP/1.1" 200 131
INFO "GET /seminar2 HTTP/1.1" 301 0
INFO <WSGIRequest: GET '/seminar2/'> request received
INFO "GET /seminar2/ HTTP/1.1" 200 17
INFO "GET / HTTP/1.1" 200 10
INFO "GET /seminar2/heads_tails HTTP/1.1" 301 0
INFO <WSGIRequest: GET '/seminar2/heads_tails/'> request received
INFO "GET /seminar2/heads_tails/ HTTP/1.1" 200 32
INFO <WSGIRequest: GET '/seminar2/heads_tails/'> request received
INFO "GET /seminar2/heads_tails/ HTTP/1.1" 200 32
INFO <WSGIRequest: GET '/seminar2/heads_tails/'> request received
INFO "GET /seminar2/heads_tails/ HTTP/1.1" 200 32
INFO <WSGIRequest: GET '/seminar2/heads_tails/'> request received
INFO "GET /seminar2/heads_tails/ HTTP/1.1" 200 32
INFO <WSGIRequest: GET '/seminar2/heads_tails/'> request received
INFO "GET /seminar2/heads_tails/ HTTP/1.1" 200 32
INFO <WSGIRequest: GET '/seminar2/heads_tails/'> request received
INFO "GET /seminar2/heads_tails/ HTTP/1.1" 200 32
INFO <WSGIRequest: GET '/seminar2/heads_tails/'> request received
INFO "GET /seminar2/heads_tails/ HTTP/1.1" 200 32
INFO <WSGIRequest: GET '/seminar2/heads_tails/'> request received
INFO "GET /seminar2/heads_tails/ HTTP/1.1" 200 32
INFO <WSGIRequest: GET '/seminar2/heads_tails/'> request received
INFO "GET /seminar2/heads_tails/ HTTP/1.1" 200 32
INFO <WSGIRequest: GET '/seminar2/heads_tails/'> request received
INFO "GET /seminar2/heads_tails/ HTTP/1.1" 200 32
INFO <WSGIRequest: GET '/seminar2/heads_tails/'> request received
INFO "GET /seminar2/heads_tails/ HTTP/1.1" 200 32
INFO <WSGIRequest: GET '/seminar2/heads_tails/'> request received
INFO "GET /seminar2/heads_tails/ HTTP/1.1" 200 32
INFO <WSGIRequest: GET '/seminar2/heads_tails/'> request received
INFO "GET /seminar2/heads_tails/ HTTP/1.1" 200 32
INFO <WSGIRequest: GET '/seminar2/heads_tails/'> request received
INFO "GET /seminar2/heads_tails/ HTTP/1.1" 200 32
INFO <WSGIRequest: GET '/seminar2/heads_tails/'> request received
INFO "GET /seminar2/heads_tails/ HTTP/1.1" 200 32
INFO <WSGIRequest: GET '/seminar2/heads_tails/'> request received
INFO "GET /seminar2/heads_tails/ HTTP/1.1" 200 32
INFO <WSGIRequest: GET '/seminar2/heads_tails/'> request received
INFO "GET /seminar2/heads_tails/ HTTP/1.1" 200 32
INFO <WSGIRequest: GET '/seminar2/heads_tails/'> request received
INFO "GET /seminar2/heads_tails/ HTTP/1.1" 200 32
INFO <WSGIRequest: GET '/seminar2/heads_tails/'> request received
INFO "GET /seminar2/heads_tails/ HTTP/1.1" 200 32
INFO <WSGIRequest: GET '/seminar2/heads_tails/'> request received
INFO "GET /seminar2/heads_tails/ HTTP/1.1" 200 32
INFO <WSGIRequest: GET '/seminar2/heads_tails/'> request received
INFO "GET /seminar2/heads_tails/ HTTP/1.1" 200 32
INFO <WSGIRequest: GET '/seminar2/comments/'> request received
INFO "GET /seminar2/comments/ HTTP/1.1" 200 0
INFO <WSGIRequest: GET '/seminar2/heads_tails/?n=4'> request received
INFO "GET /seminar2/heads_tails/?n=4 HTTP/1.1" 200 32
INFO <WSGIRequest: GET '/seminar2/heads_tails/?n=4'> request received
INFO "GET /seminar2/heads_tails/?n=4 HTTP/1.1" 200 32
INFO <WSGIRequest: GET '/seminar2/heads_tails/?n=4'> request received
INFO "GET /seminar2/heads_tails/?n=4 HTTP/1.1" 200 32
INFO <WSGIRequest: GET '/seminar2/heads_tails/?n=4'> request received
INFO "GET /seminar2/heads_tails/?n=4 HTTP/1.1" 200 32
INFO <WSGIRequest: GET '/seminar2/heads_tails/?n=4'> request received
INFO "GET /seminar2/heads_tails/?n=4 HTTP/1.1" 200 32
INFO <WSGIRequest: GET '/seminar2/heads_tails/?n=10'> request received
INFO "GET /seminar2/heads_tails/?n=10 HTTP/1.1" 200 32
INFO <WSGIRequest: GET '/seminar2/heads_tails/?n=10'> request received
INFO "GET /seminar2/heads_tails/?n=10 HTTP/1.1" 200 32
INFO <WSGIRequest: GET '/seminar2/heads_tails/?n=10'> request received
INFO "GET /seminar2/heads_tails/?n=10 HTTP/1.1" 200 32
INFO <WSGIRequest: GET '/seminar2/heads_tails/?n=10'> request received
INFO "GET /seminar2/heads_tails/?n=10 HTTP/1.1" 200 32
INFO <WSGIRequest: GET '/seminar2/heads_tails/?n=10'> request received
INFO "GET /seminar2/heads_tails/?n=10 HTTP/1.1" 200 32
INFO <WSGIRequest: GET '/seminar2/heads_tails/?n=10'> request received
INFO "GET /seminar2/heads_tails/?n=10 HTTP/1.1" 200 32
INFO <WSGIRequest: GET '/seminar2/heads_tails/?n=10'> request received
INFO "GET /seminar2/heads_tails/?n=10 HTTP/1.1" 200 32
INFO <WSGIRequest: GET '/seminar2/heads_tails/?n=10'> request received
INFO "GET /seminar2/heads_tails/?n=10 HTTP/1.1" 200 32
INFO <WSGIRequest: GET '/seminar2/heads_tails/'> request received
INFO "GET /seminar2/heads_tails/ HTTP/1.1" 200 32
INFO <WSGIRequest: GET '/seminar2/comments/'> request received
INFO "GET /seminar2/comments/ HTTP/1.1" 200 0
INFO "GET /seminar2/articles HTTP/1.1" 301 0
INFO <WSGIRequest: GET '/seminar2/articles/'> request received
INFO "GET /seminar2/articles/ HTTP/1.1" 200 0
INFO "GET /seminar2/authors HTTP/1.1" 301 0
INFO <WSGIRequest: GET '/seminar2/authors/'> request received
INFO "GET /seminar2/authors/ HTTP/1.1" 200 0
INFO <WSGIRequest: GET '/seminar2/authors/'> request received
INFO "GET /seminar2/authors/ HTTP/1.1" 200 84
INFO <WSGIRequest: GET '/seminar2/authors/'> request received
INFO "GET /seminar2/authors/ HTTP/1.1" 200 84
INFO "GET /seminar3 HTTP/1.1" 301 0
INFO <WSGIRequest: GET '/seminar3/'> request received
INFO "GET /seminar3/ HTTP/1.1" 200 22
INFO "GET /seminar3/home HTTP/1.1" 301 0
INFO <WSGIRequest: GET '/seminar3/home/'> request received
INFO "GET /seminar3/home/ HTTP/1.1" 200 161
INFO "GET /seminar3/about HTTP/1.1" 301 0
INFO <WSGIRequest: GET '/seminar3/about/'> request received
INFO "GET /seminar3/about/ HTTP/1.1" 200 148
INFO "GET /seminar3/heads_tails/5 HTTP/1.1" 301 0
INFO "GET /seminar3/heads_tails/5/ HTTP/1.1" 200 267
INFO "GET /seminar3/dice/4 HTTP/1.1" 301 0
INFO "GET /seminar3/dice/4/ HTTP/1.1" 200 163
INFO "GET /seminar3/rand/3 HTTP/1.1" 301 0
INFO "GET /seminar3/rand/3/ HTTP/1.1" 200 163
INFO "GET /seminar3/united/7 HTTP/1.1" 301 0
INFO "GET /seminar3/united/7/ HTTP/1.1" 200 433
INFO "GET /seminar3/author/2 HTTP/1.1" 301 0
WARNING Not Found: /seminar3/author/2/
WARNING "GET /seminar3/author/2/ HTTP/1.1" 404 4125
INFO "GET /seminar3/author/3 HTTP/1.1" 301 0
WARNING Not Found: /seminar3/author/3/
WARNING "GET /seminar3/author/3/ HTTP/1.1" 404 4125
INFO "GET /seminar3/author/3/ HTTP/1.1" 200 233
INFO "GET /seminar3/post/1 HTTP/1.1" 301 0
WARNING Not Found: /seminar3/post/1/
WARNING "GET /seminar3/post/1/ HTTP/1.1" 404 4313
INFO "GET /seminar3/post/1/ HTTP/1.1" 200 686
WARNING Not Found: /seminar3/comment/
WARNING "GET /seminar3/comment/ HTTP/1.1" 404 4789
INFO "GET /seminar3/comment/2 HTTP/1.1" 301 0
INFO "GET /seminar3/comment/2/ HTTP/1.1" 200 754
INFO "GET /seminar3/basket/3 HTTP/1.1" 301 0
INFO "GET /seminar3/basket/3/ HTTP/1.1" 200 1580
WARNING Not Found: /seminar3/sorted_basket/4
WARNING "GET /seminar3/sorted_basket/4 HTTP/1.1" 404 4810
WARNING Not Found: /seminar3/sorted_basket/1
WARNING "GET /seminar3/sorted_basket/1 HTTP/1.1" 404 4810
INFO "GET /seminar3/sorted_basket/1/2 HTTP/1.1" 301 0
INFO "GET /seminar3/sorted_basket/1/2/ HTTP/1.1" 200 259
INFO D:\учёба\Python\19. Фреймворк Django\Семинары\Seminars\main\seminar3\urls.py changed, reloading.
INFO D:\учёба\Python\19. Фреймворк Django\Семинары\Seminars\main\seminar3\urls.py changed, reloading.
